Arguments: 
  /usr/bin/node /home/tacogips/.config/yarn/global/node_modules/.bin/yarn add tyepscript -d

PATH: 
  /home/tacogips/.local/share/google-cloud/google-cloud-sdk/bin:/home/tacogips/bin/eclipse:/home/tacogips/bin:/home/tacogips/.gem/ruby/2.6.0/bin::/home/tacogips/gits/tacogips/qltools:/home/tacogips/swagger-codegen/bin:/home/tacogips/gits/tacogips/ghtool:/home/tacogips/.cargo/bin:/home/tacogips/gits/tacogips/memo/bin:/home/tacogips/.pyenv/shims:/home/tacogips/.pyenv/bin:/home/tacogips/.poetry/bin:/home/tacogips/.config/yarn/global/node_modules/.bin:/home/tacogips/.npm/bin:/home/tacogips/.nodebrew/current/bin:/home/tacogips/.nodebrew/current/bin:/d/gits/dart/flutter/bin:/usr/local/opt/go/bin:/home/tacogips/bin:/usr/local/bin:/usr/bin:/bin:/usr/sbin:/usr/local/sbin:/sbin:/usr/local/bin:/usr/X11/bin:/home/tacogips/.local/bin:/usr/local/bin:/home/tacogips/.cargo/bin:/usr/local/bin:/usr/local/sbin:/home/tacogips/.cargo/bin:/home/tacogips/.local/bin:/usr/bin:/bin:/usr/lib/jvm/default/bin:/usr/bin/site_perl:/usr/bin/vendor_perl:/usr/bin/core_perl:/var/lib/snapd/snap/bin:/home/tacogips/.rvm/bin:/usr/lib/go/bin:/d/ctx/gopath/packages/bin:/home/tacogips/bin/kubectl:/home/tacogips/.local/share/nvim/plugged/fzf/bin:/home/tacogips/.rvm/bin:/home/tacogips/.local/share/google-cloud/google-cloud-sdk/bin

Yarn version: 
  1.22.10

Node version: 
  16.11.1

Platform: 
  linux x64

Trace: 
  Error: https://registry.yarnpkg.com/tyepscript: Not found
      at Request.params.callback [as _callback] (/home/tacogips/.config/yarn/global/node_modules/yarn/lib/cli.js:66988:18)
      at Request.self.callback (/home/tacogips/.config/yarn/global/node_modules/yarn/lib/cli.js:140662:22)
      at Request.emit (node:events:390:28)
      at Request.<anonymous> (/home/tacogips/.config/yarn/global/node_modules/yarn/lib/cli.js:141634:10)
      at Request.emit (node:events:390:28)
      at IncomingMessage.<anonymous> (/home/tacogips/.config/yarn/global/node_modules/yarn/lib/cli.js:141556:12)
      at Object.onceWrapper (node:events:509:28)
      at IncomingMessage.emit (node:events:402:35)
      at endReadableNT (node:internal/streams/readable:1343:12)
      at processTicksAndRejections (node:internal/process/task_queues:83:21)

npm manifest: 
  {
    "name": "palyground",
    "private": true,
    "scripts": {
      "dev": "next dev",
      "build": "next build",
      "start": "next start",
      "lint": "next lint"
    },
    "dependencies": {
      "next": "12.0.7",
      "react": "17.0.2",
      "react-dom": "17.0.2"
    },
    "devDependencies": {
      "eslint": "8.5.0",
      "eslint-config-next": "12.0.7"
    }
  }

yarn manifest: 
  No manifest

Lockfile: 
  # THIS IS AN AUTOGENERATED FILE. DO NOT EDIT THIS FILE DIRECTLY.
  # yarn lockfile v1
